<?xml version="1.0" encoding="UTF-8"?>
<!-- Generated by org.testng.reporters.JUnitReportReporter -->
<testsuite hostname="Abiolas-MacBook-Pro.local" failures="0" tests="1" name="autoP.testCases.TC_TP_001" time="5.123" errors="0" timestamp="2020-03-18T23:20:58 GMT-04:00" skipped="0">
  <testcase classname="autoP.testCases.TC_TP_001" name="loginTest" time="5.123"/>
</testsuite> <!-- autoP.testCases.TC_TP_001 -->
